<?xml version="1.0" encoding="UTF-8"?>
<!-- Generated by org.testng.reporters.JUnitReportReporter -->
<testsuite hostname="Sharlyn" failures="0" tests="1" name="Test1" time="0.013" errors="0" timestamp="2023-09-29T14:46:41 PST" skipped="0">
  <testcase classname="Test1" name="streamCollect" time="0.013"/>
</testsuite> <!-- Test1 -->
