<?xml version="1.0" encoding="UTF-8"?>
<!-- Generated by org.testng.reporters.JUnitReportReporter -->
<testsuite hostname="Sharlyn" failures="0" tests="2" name="AAA" time="0.014" errors="0" timestamp="2024-01-24T14:43:33 PST" skipped="0">
  <testcase classname="AAA" name="TC2" time="0.002"/>
  <testcase classname="AAA" name="TC1" time="0.012"/>
</testsuite> <!-- AAA -->
